2015-11-10 05:40:36 Notice: Notice (8): Use of undefined constant Small - assumed 'Small' in [C:\xampp\htdocs\cakephp\src\Template\Pizza\add.ctp, line 13]
Trace:
Cake\Error\BaseErrorHandler::handleError() - CORE\src\Error\BaseErrorHandler.php, line 138
include - APP/Template\Pizza\add.ctp, line 13
Cake\View\View::_evaluate() - CORE\src\View\View.php, line 970
Cake\View\View::_render() - CORE\src\View\View.php, line 930
Cake\View\View::render() - CORE\src\View\View.php, line 578
Cake\Controller\Controller::render() - CORE\src\Controller\Controller.php, line 611
Cake\Routing\Dispatcher::_invoke() - CORE\src\Routing\Dispatcher.php, line 120
Cake\Routing\Dispatcher::dispatch() - CORE\src\Routing\Dispatcher.php, line 87
[main] - ROOT\webroot\index.php, line 37



2015-11-10 06:33:41 Notice: Notice (8): Undefined variable: booking in [C:\xampp\htdocs\cakephp\src\Template\Pizza\add.ctp, line 21]
Trace:
Cake\Error\BaseErrorHandler::handleError() - CORE\src\Error\BaseErrorHandler.php, line 138
include - APP/Template\Pizza\add.ctp, line 21
Cake\View\View::_evaluate() - CORE\src\View\View.php, line 970
Cake\View\View::_render() - CORE\src\View\View.php, line 930
Cake\View\View::render() - CORE\src\View\View.php, line 578
Cake\Controller\Controller::render() - CORE\src\Controller\Controller.php, line 611
Cake\Routing\Dispatcher::_invoke() - CORE\src\Routing\Dispatcher.php, line 120
Cake\Routing\Dispatcher::dispatch() - CORE\src\Routing\Dispatcher.php, line 87
[main] - ROOT\webroot\index.php, line 37



